<?xml version="1.0" encoding="UTF-8"?>
<!-- Generated by org.testng.reporters.JUnitXMLReporter -->
<testsuite ignored="0" hostname="DESKTOP-ACCNH3K" failures="0" tests="19" name="Test" time="135.583" errors="0" timestamp="2023-11-09T13:03:54 EST">
  <testcase classname="com.tutorialninja.testcases.Login_Test" name="verifyingLoginWithValidUserNameAndValidPassword" time="1.088"/>
  <testcase classname="com.tutorialninja.testcases.Login_Test" name="verifyingLoginWithValidUserNameAndValidPassword" time="1.002"/>
  <testcase classname="com.tutorialninja.testcases.Login_Test" name="verifyingLoginWithValidUserNameAndValidPassword" time="0.973"/>
  <testcase classname="com.tutorialninja.testcases.Login_Test" name="verifyingLoginWithValidUserNameAndValidPassword" time="1.138"/>
  <testcase classname="com.tutorialninja.testcases.Login_Test" name="verifyingLoginWithValidUserNameAndValidPassword" time="1.033"/>
  <testcase classname="com.tutorialninja.testcases.Login_Test" name="verifyingLoginWithValidUserNameAndValidPassword" time="0.994"/>
  <testcase classname="com.tutorialninja.testcases.Login_Test" name="verifyingLoginWithValidUserNameAndValidPassword" time="0.977"/>
  <testcase classname="com.tutorialninja.testcases.Login_Test" name="verifyLoginWithInValidUserNameAndValidPassword" time="0.753"/>
  <testcase classname="com.tutorialninja.testcases.Login_Test" name="verifyLoginWithValidUserNameAndInValidPassword" time="0.695"/>
  <testcase classname="com.tutorialninja.testcases.Login_Test" name="verifyLoginWithInValidUserNameAndInValidPassword" time="0.763"/>
  <testcase classname="com.tutorialninja.testcases.Login_Test" name="verifyLoginWithNoUserNameAndNoPassword" time="0.5"/>
  <testcase classname="com.tutorialninja.testcases.Register_Test" name="registerAccountWithRequiredFields" time="1.924"/>
  <testcase classname="com.tutorialninja.testcases.Register_Test" name="registerAccountWithAllFields" time="1.743"/>
  <testcase classname="com.tutorialninja.testcases.Register_Test" name="registerAccountWithNoFields" time="0.58"/>
  <testcase classname="com.tutorialninja.testcases.Register_Test" name="verifyRegisterWithDuplicateUserName" time="1.221"/>
  <testcase classname="com.tutorialninja.testcases.SearchTest" name="searchProductWithValidProduct" time="0.581"/>
  <testcase classname="com.tutorialninja.testcases.SearchTest" name="verifySearchWithInvalidProduct" time="0.575"/>
  <testcase classname="com.tutorialninja.testcases.SearchTest" name="verifySearchWithNoProduct" time="0.525"/>
  <testcase classname="com.tutorialninja.testcases.CheckOut_ValidProduct_Test" name="addAValidProductAndCheckOut" time="6.752"/>
</testsuite> <!-- Test -->
