<?xml version="1.0" encoding="UTF-8"?>
<testng-results ignored="0" total="19" passed="19" failed="0" skipped="0">
  <reporter-output>
  </reporter-output>
  <suite started-at="2023-11-09T13:01:38 EST" name="Suite" finished-at="2023-11-09T13:03:54 EST" duration-ms="135583">
    <groups>
    </groups>
    <test started-at="2023-11-09T13:01:38 EST" name="Test" finished-at="2023-11-09T13:03:54 EST" duration-ms="135583">
      <class name="com.tutorialninja.testcases.Register_Test">
        <test-method is-config="true" signature="registerSetUp()[pri:0, instance:com.tutorialninja.testcases.Register_Test@47af7f3d]" started-at="2023-11-09T13:02:58 EST" name="registerSetUp" finished-at="2023-11-09T13:03:03 EST" duration-ms="5879" status="PASS">
          <reporter-output>
          </reporter-output>
        </test-method> <!-- registerSetUp -->
        <test-method signature="registerAccountWithRequiredFields()[pri:1, instance:com.tutorialninja.testcases.Register_Test@47af7f3d]" started-at="2023-11-09T13:03:03 EST" name="registerAccountWithRequiredFields" finished-at="2023-11-09T13:03:05 EST" duration-ms="1924" status="PASS">
          <reporter-output>
          </reporter-output>
        </test-method> <!-- registerAccountWithRequiredFields -->
        <test-method is-config="true" signature="tearDown()[pri:0, instance:com.tutorialninja.testcases.Register_Test@47af7f3d]" started-at="2023-11-09T13:03:05 EST" name="tearDown" finished-at="2023-11-09T13:03:06 EST" duration-ms="169" status="PASS">
          <reporter-output>
          </reporter-output>
        </test-method> <!-- tearDown -->
        <test-method is-config="true" signature="registerSetUp()[pri:0, instance:com.tutorialninja.testcases.Register_Test@47af7f3d]" started-at="2023-11-09T13:03:06 EST" name="registerSetUp" finished-at="2023-11-09T13:03:11 EST" duration-ms="5592" status="PASS">
          <reporter-output>
          </reporter-output>
        </test-method> <!-- registerSetUp -->
        <test-method signature="registerAccountWithAllFields()[pri:2, instance:com.tutorialninja.testcases.Register_Test@47af7f3d]" started-at="2023-11-09T13:03:11 EST" name="registerAccountWithAllFields" finished-at="2023-11-09T13:03:13 EST" duration-ms="1743" status="PASS">
          <reporter-output>
          </reporter-output>
        </test-method> <!-- registerAccountWithAllFields -->
        <test-method is-config="true" signature="tearDown()[pri:0, instance:com.tutorialninja.testcases.Register_Test@47af7f3d]" started-at="2023-11-09T13:03:13 EST" name="tearDown" finished-at="2023-11-09T13:03:13 EST" duration-ms="149" status="PASS">
          <reporter-output>
          </reporter-output>
        </test-method> <!-- tearDown -->
        <test-method is-config="true" signature="registerSetUp()[pri:0, instance:com.tutorialninja.testcases.Register_Test@47af7f3d]" started-at="2023-11-09T13:03:13 EST" name="registerSetUp" finished-at="2023-11-09T13:03:19 EST" duration-ms="5443" status="PASS">
          <reporter-output>
          </reporter-output>
        </test-method> <!-- registerSetUp -->
        <test-method signature="registerAccountWithNoFields()[pri:3, instance:com.tutorialninja.testcases.Register_Test@47af7f3d]" started-at="2023-11-09T13:03:19 EST" name="registerAccountWithNoFields" finished-at="2023-11-09T13:03:19 EST" duration-ms="580" status="PASS">
          <reporter-output>
          </reporter-output>
        </test-method> <!-- registerAccountWithNoFields -->
        <test-method is-config="true" signature="tearDown()[pri:0, instance:com.tutorialninja.testcases.Register_Test@47af7f3d]" started-at="2023-11-09T13:03:19 EST" name="tearDown" finished-at="2023-11-09T13:03:19 EST" duration-ms="153" status="PASS">
          <reporter-output>
          </reporter-output>
        </test-method> <!-- tearDown -->
        <test-method is-config="true" signature="registerSetUp()[pri:0, instance:com.tutorialninja.testcases.Register_Test@47af7f3d]" started-at="2023-11-09T13:03:19 EST" name="registerSetUp" finished-at="2023-11-09T13:03:24 EST" duration-ms="5204" status="PASS">
          <reporter-output>
          </reporter-output>
        </test-method> <!-- registerSetUp -->
        <test-method signature="verifyRegisterWithDuplicateUserName()[pri:4, instance:com.tutorialninja.testcases.Register_Test@47af7f3d]" started-at="2023-11-09T13:03:24 EST" name="verifyRegisterWithDuplicateUserName" finished-at="2023-11-09T13:03:26 EST" duration-ms="1221" status="PASS">
          <reporter-output>
          </reporter-output>
        </test-method> <!-- verifyRegisterWithDuplicateUserName -->
        <test-method is-config="true" signature="tearDown()[pri:0, instance:com.tutorialninja.testcases.Register_Test@47af7f3d]" started-at="2023-11-09T13:03:26 EST" name="tearDown" finished-at="2023-11-09T13:03:26 EST" duration-ms="139" status="PASS">
          <reporter-output>
          </reporter-output>
        </test-method> <!-- tearDown -->
      </class> <!-- com.tutorialninja.testcases.Register_Test -->
      <class name="com.tutorialninja.testcases.CheckOut_ValidProduct_Test">
        <test-method is-config="true" signature="check_ValidProduct_setUP()[pri:0, instance:com.tutorialninja.testcases.CheckOut_ValidProduct_Test@3bb9a3ff]" started-at="2023-11-09T13:03:41 EST" name="check_ValidProduct_setUP" finished-at="2023-11-09T13:03:47 EST" duration-ms="5686" status="PASS">
          <reporter-output>
          </reporter-output>
        </test-method> <!-- check_ValidProduct_setUP -->
        <test-method signature="addAValidProductAndCheckOut()[pri:1, instance:com.tutorialninja.testcases.CheckOut_ValidProduct_Test@3bb9a3ff]" started-at="2023-11-09T13:03:47 EST" name="addAValidProductAndCheckOut" finished-at="2023-11-09T13:03:53 EST" duration-ms="6752" status="PASS">
          <reporter-output>
          </reporter-output>
        </test-method> <!-- addAValidProductAndCheckOut -->
        <test-method is-config="true" signature="closer()[pri:0, instance:com.tutorialninja.testcases.CheckOut_ValidProduct_Test@3bb9a3ff]" started-at="2023-11-09T13:03:53 EST" name="closer" finished-at="2023-11-09T13:03:54 EST" duration-ms="166" status="PASS">
          <reporter-output>
          </reporter-output>
        </test-method> <!-- closer -->
      </class> <!-- com.tutorialninja.testcases.CheckOut_ValidProduct_Test -->
      <class name="com.tutorialninja.testcases.Login_Test">
        <test-method is-config="true" signature="loginSetUp()[pri:0, instance:com.tutorialninja.testcases.Login_Test@5119fb47]" started-at="2023-11-09T13:01:39 EST" name="loginSetUp" finished-at="2023-11-09T13:01:45 EST" duration-ms="5918" status="PASS">
          <reporter-output>
          </reporter-output>
        </test-method> <!-- loginSetUp -->
        <test-method signature="verifyingLoginWithValidUserNameAndValidPassword(java.lang.String,java.lang.String)[pri:1, instance:com.tutorialninja.testcases.Login_Test@5119fb47]" started-at="2023-11-09T13:01:45 EST" name="verifyingLoginWithValidUserNameAndValidPassword" data-provider="TN" finished-at="2023-11-09T13:01:46 EST" duration-ms="1088" status="PASS">
          <params>
            <param index="0">
              <value>
                <![CDATA[seleniumpanda@gmail.com]]>
              </value>
            </param>
            <param index="1">
              <value>
                <![CDATA[Selenium@123]]>
              </value>
            </param>
          </params>
          <reporter-output>
          </reporter-output>
        </test-method> <!-- verifyingLoginWithValidUserNameAndValidPassword -->
        <test-method is-config="true" signature="closer()[pri:0, instance:com.tutorialninja.testcases.Login_Test@5119fb47]" started-at="2023-11-09T13:01:46 EST" name="closer" finished-at="2023-11-09T13:01:46 EST" duration-ms="178" status="PASS">
          <reporter-output>
          </reporter-output>
        </test-method> <!-- closer -->
        <test-method is-config="true" signature="loginSetUp()[pri:0, instance:com.tutorialninja.testcases.Login_Test@5119fb47]" started-at="2023-11-09T13:01:46 EST" name="loginSetUp" finished-at="2023-11-09T13:01:51 EST" duration-ms="4966" status="PASS">
          <reporter-output>
          </reporter-output>
        </test-method> <!-- loginSetUp -->
        <test-method signature="verifyingLoginWithValidUserNameAndValidPassword(java.lang.String,java.lang.String)[pri:1, instance:com.tutorialninja.testcases.Login_Test@5119fb47]" started-at="2023-11-09T13:01:51 EST" name="verifyingLoginWithValidUserNameAndValidPassword" data-provider="TN" finished-at="2023-11-09T13:01:52 EST" duration-ms="1002" status="PASS">
          <params>
            <param index="0">
              <value>
                <![CDATA[seleniumpanda1@gmail.com]]>
              </value>
            </param>
            <param index="1">
              <value>
                <![CDATA[Selenium@123]]>
              </value>
            </param>
          </params>
          <reporter-output>
          </reporter-output>
        </test-method> <!-- verifyingLoginWithValidUserNameAndValidPassword -->
        <test-method is-config="true" signature="closer()[pri:0, instance:com.tutorialninja.testcases.Login_Test@5119fb47]" started-at="2023-11-09T13:01:52 EST" name="closer" finished-at="2023-11-09T13:01:53 EST" duration-ms="145" status="PASS">
          <reporter-output>
          </reporter-output>
        </test-method> <!-- closer -->
        <test-method is-config="true" signature="loginSetUp()[pri:0, instance:com.tutorialninja.testcases.Login_Test@5119fb47]" started-at="2023-11-09T13:01:53 EST" name="loginSetUp" finished-at="2023-11-09T13:01:57 EST" duration-ms="4839" status="PASS">
          <reporter-output>
          </reporter-output>
        </test-method> <!-- loginSetUp -->
        <test-method signature="verifyingLoginWithValidUserNameAndValidPassword(java.lang.String,java.lang.String)[pri:1, instance:com.tutorialninja.testcases.Login_Test@5119fb47]" started-at="2023-11-09T13:01:57 EST" name="verifyingLoginWithValidUserNameAndValidPassword" data-provider="TN" finished-at="2023-11-09T13:01:58 EST" duration-ms="973" status="PASS">
          <params>
            <param index="0">
              <value>
                <![CDATA[seleniumpanda2@gmail.com]]>
              </value>
            </param>
            <param index="1">
              <value>
                <![CDATA[Selenium@123]]>
              </value>
            </param>
          </params>
          <reporter-output>
          </reporter-output>
        </test-method> <!-- verifyingLoginWithValidUserNameAndValidPassword -->
        <test-method is-config="true" signature="closer()[pri:0, instance:com.tutorialninja.testcases.Login_Test@5119fb47]" started-at="2023-11-09T13:01:58 EST" name="closer" finished-at="2023-11-09T13:01:59 EST" duration-ms="152" status="PASS">
          <reporter-output>
          </reporter-output>
        </test-method> <!-- closer -->
        <test-method is-config="true" signature="loginSetUp()[pri:0, instance:com.tutorialninja.testcases.Login_Test@5119fb47]" started-at="2023-11-09T13:01:59 EST" name="loginSetUp" finished-at="2023-11-09T13:02:04 EST" duration-ms="5074" status="PASS">
          <reporter-output>
          </reporter-output>
        </test-method> <!-- loginSetUp -->
        <test-method signature="verifyingLoginWithValidUserNameAndValidPassword(java.lang.String,java.lang.String)[pri:1, instance:com.tutorialninja.testcases.Login_Test@5119fb47]" started-at="2023-11-09T13:02:04 EST" name="verifyingLoginWithValidUserNameAndValidPassword" data-provider="TN" finished-at="2023-11-09T13:02:05 EST" duration-ms="1138" status="PASS">
          <params>
            <param index="0">
              <value>
                <![CDATA[seleniumpanda3@gmail.com]]>
              </value>
            </param>
            <param index="1">
              <value>
                <![CDATA[Selenium@123]]>
              </value>
            </param>
          </params>
          <reporter-output>
          </reporter-output>
        </test-method> <!-- verifyingLoginWithValidUserNameAndValidPassword -->
        <test-method is-config="true" signature="closer()[pri:0, instance:com.tutorialninja.testcases.Login_Test@5119fb47]" started-at="2023-11-09T13:02:05 EST" name="closer" finished-at="2023-11-09T13:02:05 EST" duration-ms="150" status="PASS">
          <reporter-output>
          </reporter-output>
        </test-method> <!-- closer -->
        <test-method is-config="true" signature="loginSetUp()[pri:0, instance:com.tutorialninja.testcases.Login_Test@5119fb47]" started-at="2023-11-09T13:02:05 EST" name="loginSetUp" finished-at="2023-11-09T13:02:10 EST" duration-ms="5249" status="PASS">
          <reporter-output>
          </reporter-output>
        </test-method> <!-- loginSetUp -->
        <test-method signature="verifyingLoginWithValidUserNameAndValidPassword(java.lang.String,java.lang.String)[pri:1, instance:com.tutorialninja.testcases.Login_Test@5119fb47]" started-at="2023-11-09T13:02:10 EST" name="verifyingLoginWithValidUserNameAndValidPassword" data-provider="TN" finished-at="2023-11-09T13:02:11 EST" duration-ms="1033" status="PASS">
          <params>
            <param index="0">
              <value>
                <![CDATA[seleniumpanda4@gmail.com]]>
              </value>
            </param>
            <param index="1">
              <value>
                <![CDATA[Selenium@123]]>
              </value>
            </param>
          </params>
          <reporter-output>
          </reporter-output>
        </test-method> <!-- verifyingLoginWithValidUserNameAndValidPassword -->
        <test-method is-config="true" signature="closer()[pri:0, instance:com.tutorialninja.testcases.Login_Test@5119fb47]" started-at="2023-11-09T13:02:11 EST" name="closer" finished-at="2023-11-09T13:02:11 EST" duration-ms="133" status="PASS">
          <reporter-output>
          </reporter-output>
        </test-method> <!-- closer -->
        <test-method is-config="true" signature="loginSetUp()[pri:0, instance:com.tutorialninja.testcases.Login_Test@5119fb47]" started-at="2023-11-09T13:02:11 EST" name="loginSetUp" finished-at="2023-11-09T13:02:27 EST" duration-ms="16129" status="PASS">
          <reporter-output>
          </reporter-output>
        </test-method> <!-- loginSetUp -->
        <test-method signature="verifyingLoginWithValidUserNameAndValidPassword(java.lang.String,java.lang.String)[pri:1, instance:com.tutorialninja.testcases.Login_Test@5119fb47]" started-at="2023-11-09T13:02:27 EST" name="verifyingLoginWithValidUserNameAndValidPassword" data-provider="TN" finished-at="2023-11-09T13:02:28 EST" duration-ms="994" status="PASS">
          <params>
            <param index="0">
              <value>
                <![CDATA[seleniumpanda5@gmail.com]]>
              </value>
            </param>
            <param index="1">
              <value>
                <![CDATA[Selenium@123]]>
              </value>
            </param>
          </params>
          <reporter-output>
          </reporter-output>
        </test-method> <!-- verifyingLoginWithValidUserNameAndValidPassword -->
        <test-method is-config="true" signature="closer()[pri:0, instance:com.tutorialninja.testcases.Login_Test@5119fb47]" started-at="2023-11-09T13:02:28 EST" name="closer" finished-at="2023-11-09T13:02:29 EST" duration-ms="212" status="PASS">
          <reporter-output>
          </reporter-output>
        </test-method> <!-- closer -->
        <test-method is-config="true" signature="loginSetUp()[pri:0, instance:com.tutorialninja.testcases.Login_Test@5119fb47]" started-at="2023-11-09T13:02:29 EST" name="loginSetUp" finished-at="2023-11-09T13:02:33 EST" duration-ms="4744" status="PASS">
          <reporter-output>
          </reporter-output>
        </test-method> <!-- loginSetUp -->
        <test-method signature="verifyingLoginWithValidUserNameAndValidPassword(java.lang.String,java.lang.String)[pri:1, instance:com.tutorialninja.testcases.Login_Test@5119fb47]" started-at="2023-11-09T13:02:33 EST" name="verifyingLoginWithValidUserNameAndValidPassword" data-provider="TN" finished-at="2023-11-09T13:02:34 EST" duration-ms="977" status="PASS">
          <params>
            <param index="0">
              <value>
                <![CDATA[seleniumpanda6@gmail.com]]>
              </value>
            </param>
            <param index="1">
              <value>
                <![CDATA[Selenium@123]]>
              </value>
            </param>
          </params>
          <reporter-output>
          </reporter-output>
        </test-method> <!-- verifyingLoginWithValidUserNameAndValidPassword -->
        <test-method is-config="true" signature="closer()[pri:0, instance:com.tutorialninja.testcases.Login_Test@5119fb47]" started-at="2023-11-09T13:02:34 EST" name="closer" finished-at="2023-11-09T13:02:35 EST" duration-ms="124" status="PASS">
          <reporter-output>
          </reporter-output>
        </test-method> <!-- closer -->
        <test-method is-config="true" signature="loginSetUp()[pri:0, instance:com.tutorialninja.testcases.Login_Test@5119fb47]" started-at="2023-11-09T13:02:35 EST" name="loginSetUp" finished-at="2023-11-09T13:02:39 EST" duration-ms="4959" status="PASS">
          <reporter-output>
          </reporter-output>
        </test-method> <!-- loginSetUp -->
        <test-method signature="verifyLoginWithInValidUserNameAndValidPassword()[pri:2, instance:com.tutorialninja.testcases.Login_Test@5119fb47]" started-at="2023-11-09T13:02:39 EST" name="verifyLoginWithInValidUserNameAndValidPassword" finished-at="2023-11-09T13:02:40 EST" duration-ms="753" status="PASS">
          <reporter-output>
          </reporter-output>
        </test-method> <!-- verifyLoginWithInValidUserNameAndValidPassword -->
        <test-method is-config="true" signature="closer()[pri:0, instance:com.tutorialninja.testcases.Login_Test@5119fb47]" started-at="2023-11-09T13:02:40 EST" name="closer" finished-at="2023-11-09T13:02:40 EST" duration-ms="131" status="PASS">
          <reporter-output>
          </reporter-output>
        </test-method> <!-- closer -->
        <test-method is-config="true" signature="loginSetUp()[pri:0, instance:com.tutorialninja.testcases.Login_Test@5119fb47]" started-at="2023-11-09T13:02:40 EST" name="loginSetUp" finished-at="2023-11-09T13:02:45 EST" duration-ms="4866" status="PASS">
          <reporter-output>
          </reporter-output>
        </test-method> <!-- loginSetUp -->
        <test-method signature="verifyLoginWithValidUserNameAndInValidPassword()[pri:3, instance:com.tutorialninja.testcases.Login_Test@5119fb47]" started-at="2023-11-09T13:02:45 EST" name="verifyLoginWithValidUserNameAndInValidPassword" finished-at="2023-11-09T13:02:46 EST" duration-ms="695" status="PASS">
          <reporter-output>
          </reporter-output>
        </test-method> <!-- verifyLoginWithValidUserNameAndInValidPassword -->
        <test-method is-config="true" signature="closer()[pri:0, instance:com.tutorialninja.testcases.Login_Test@5119fb47]" started-at="2023-11-09T13:02:46 EST" name="closer" finished-at="2023-11-09T13:02:46 EST" duration-ms="162" status="PASS">
          <reporter-output>
          </reporter-output>
        </test-method> <!-- closer -->
        <test-method is-config="true" signature="loginSetUp()[pri:0, instance:com.tutorialninja.testcases.Login_Test@5119fb47]" started-at="2023-11-09T13:02:46 EST" name="loginSetUp" finished-at="2023-11-09T13:02:51 EST" duration-ms="4761" status="PASS">
          <reporter-output>
          </reporter-output>
        </test-method> <!-- loginSetUp -->
        <test-method signature="verifyLoginWithInValidUserNameAndInValidPassword()[pri:4, instance:com.tutorialninja.testcases.Login_Test@5119fb47]" started-at="2023-11-09T13:02:51 EST" name="verifyLoginWithInValidUserNameAndInValidPassword" finished-at="2023-11-09T13:02:52 EST" duration-ms="763" status="PASS">
          <reporter-output>
          </reporter-output>
        </test-method> <!-- verifyLoginWithInValidUserNameAndInValidPassword -->
        <test-method is-config="true" signature="closer()[pri:0, instance:com.tutorialninja.testcases.Login_Test@5119fb47]" started-at="2023-11-09T13:02:52 EST" name="closer" finished-at="2023-11-09T13:02:52 EST" duration-ms="155" status="PASS">
          <reporter-output>
          </reporter-output>
        </test-method> <!-- closer -->
        <test-method is-config="true" signature="loginSetUp()[pri:0, instance:com.tutorialninja.testcases.Login_Test@5119fb47]" started-at="2023-11-09T13:02:52 EST" name="loginSetUp" finished-at="2023-11-09T13:02:57 EST" duration-ms="5184" status="PASS">
          <reporter-output>
          </reporter-output>
        </test-method> <!-- loginSetUp -->
        <test-method signature="verifyLoginWithNoUserNameAndNoPassword()[pri:5, instance:com.tutorialninja.testcases.Login_Test@5119fb47]" started-at="2023-11-09T13:02:57 EST" name="verifyLoginWithNoUserNameAndNoPassword" finished-at="2023-11-09T13:02:57 EST" duration-ms="500" status="PASS">
          <reporter-output>
          </reporter-output>
        </test-method> <!-- verifyLoginWithNoUserNameAndNoPassword -->
        <test-method is-config="true" signature="closer()[pri:0, instance:com.tutorialninja.testcases.Login_Test@5119fb47]" started-at="2023-11-09T13:02:57 EST" name="closer" finished-at="2023-11-09T13:02:58 EST" duration-ms="164" status="PASS">
          <reporter-output>
          </reporter-output>
        </test-method> <!-- closer -->
      </class> <!-- com.tutorialninja.testcases.Login_Test -->
      <class name="com.tutorialninja.testcases.SearchTest">
        <test-method is-config="true" signature="Search_Product_setUP()[pri:0, instance:com.tutorialninja.testcases.SearchTest@7c729a55]" started-at="2023-11-09T13:03:26 EST" name="Search_Product_setUP" finished-at="2023-11-09T13:03:30 EST" duration-ms="4313" status="PASS">
          <reporter-output>
          </reporter-output>
        </test-method> <!-- Search_Product_setUP -->
        <test-method signature="searchProductWithValidProduct()[pri:1, instance:com.tutorialninja.testcases.SearchTest@7c729a55]" started-at="2023-11-09T13:03:30 EST" name="searchProductWithValidProduct" finished-at="2023-11-09T13:03:31 EST" duration-ms="581" status="PASS">
          <reporter-output>
          </reporter-output>
        </test-method> <!-- searchProductWithValidProduct -->
        <test-method is-config="true" signature="tearDown()[pri:0, instance:com.tutorialninja.testcases.SearchTest@7c729a55]" started-at="2023-11-09T13:03:31 EST" name="tearDown" finished-at="2023-11-09T13:03:31 EST" duration-ms="153" status="PASS">
          <reporter-output>
          </reporter-output>
        </test-method> <!-- tearDown -->
        <test-method is-config="true" signature="Search_Product_setUP()[pri:0, instance:com.tutorialninja.testcases.SearchTest@7c729a55]" started-at="2023-11-09T13:03:31 EST" name="Search_Product_setUP" finished-at="2023-11-09T13:03:35 EST" duration-ms="4316" status="PASS">
          <reporter-output>
          </reporter-output>
        </test-method> <!-- Search_Product_setUP -->
        <test-method signature="verifySearchWithInvalidProduct()[pri:2, instance:com.tutorialninja.testcases.SearchTest@7c729a55]" started-at="2023-11-09T13:03:35 EST" name="verifySearchWithInvalidProduct" finished-at="2023-11-09T13:03:36 EST" duration-ms="575" status="PASS">
          <reporter-output>
          </reporter-output>
        </test-method> <!-- verifySearchWithInvalidProduct -->
        <test-method is-config="true" signature="tearDown()[pri:0, instance:com.tutorialninja.testcases.SearchTest@7c729a55]" started-at="2023-11-09T13:03:36 EST" name="tearDown" finished-at="2023-11-09T13:03:36 EST" duration-ms="157" status="PASS">
          <reporter-output>
          </reporter-output>
        </test-method> <!-- tearDown -->
        <test-method is-config="true" signature="Search_Product_setUP()[pri:0, instance:com.tutorialninja.testcases.SearchTest@7c729a55]" started-at="2023-11-09T13:03:36 EST" name="Search_Product_setUP" finished-at="2023-11-09T13:03:40 EST" duration-ms="4456" status="PASS">
          <reporter-output>
          </reporter-output>
        </test-method> <!-- Search_Product_setUP -->
        <test-method signature="verifySearchWithNoProduct()[pri:3, instance:com.tutorialninja.testcases.SearchTest@7c729a55]" started-at="2023-11-09T13:03:40 EST" name="verifySearchWithNoProduct" finished-at="2023-11-09T13:03:41 EST" duration-ms="525" status="PASS">
          <reporter-output>
          </reporter-output>
        </test-method> <!-- verifySearchWithNoProduct -->
        <test-method is-config="true" signature="tearDown()[pri:0, instance:com.tutorialninja.testcases.SearchTest@7c729a55]" started-at="2023-11-09T13:03:41 EST" name="tearDown" finished-at="2023-11-09T13:03:41 EST" duration-ms="143" status="PASS">
          <reporter-output>
          </reporter-output>
        </test-method> <!-- tearDown -->
      </class> <!-- com.tutorialninja.testcases.SearchTest -->
    </test> <!-- Test -->
  </suite> <!-- Suite -->
</testng-results>
